<?xml version="1.0" encoding="UTF-8"?>
<testsuite xmlns:xsi="http://www.w3.org/2001/XMLSchema-instance" xsi:noNamespaceSchemaLocation="https://maven.apache.org/surefire/maven-surefire-plugin/xsd/surefire-test-report.xsd" version="3.0.2" name="com.hsbc.antifraud.AntiFraudApplicationTests" time="1.201" tests="1" errors="0" skipped="0" failures="0">
  <properties>
[...]
</properties>
  <testcase name="contextLoads" classname="com.hsbc.antifraud.AntiFraudApplicationTests" time="0.003">
    <system-out><![CDATA[2025-01-10T22:13:54.752+08:00  INFO 49946 --- [antiFraud] [           main] t.c.s.AnnotationConfigContextLoaderUtils : Could not detect default configuration classes for test class [com.hsbc.antifraud.AntiFraudApplicationTests]: AntiFraudApplicationTests does not declare any static, non-private, non-final, nested classes annotated with @Configuration.
2025-01-10T22:13:54.756+08:00  INFO 49946 --- [antiFraud] [           main] .b.t.c.SpringBootTestContextBootstrapper : Found @SpringBootConfiguration com.hsbc.antifraud.AntiFraudApplication for test class com.hsbc.antifraud.AntiFraudApplicationTests

  .   ____          _            __ _ _
 /\\ / ___'_ __ _ _(_)_ __  __ _ \ \ \ \
( ( )\___ | '_ | '_| | '_ \/ _` | \ \ \ \
 \\/  ___)| |_)| | | | | || (_| |  ) ) ) )
  '  |____| .__|_| |_|_| |_\__, | / / / /
 =========|_|==============|___/=/_/_/_/

 :: Spring Boot ::                (v3.4.1)

2025-01-10T22:13:54.772+08:00  INFO 49946 --- [antiFraud] [           main] c.h.antifraud.AntiFraudApplicationTests  : Starting AntiFraudApplicationTests using Java 17.0.13 with PID 49946 (started by lishuangquan in /Users/lishuangquan/Documents/tech/antiFraud)
2025-01-10T22:13:54.772+08:00  INFO 49946 --- [antiFraud] [           main] c.h.antifraud.AntiFraudApplicationTests  : No active profile set, falling back to 1 default profile: "default"
2025-01-10T22:13:54.866+08:00  INFO 49946 --- [antiFraud] [           main] .s.d.r.c.RepositoryConfigurationDelegate : Bootstrapping Spring Data JPA repositories in DEFAULT mode.
2025-01-10T22:13:54.891+08:00  INFO 49946 --- [antiFraud] [           main] .s.d.r.c.RepositoryConfigurationDelegate : Finished Spring Data repository scanning in 16 ms. Found 1 JPA repository interface.
2025-01-10T22:13:55.019+08:00  INFO 49946 --- [antiFraud] [           main] o.hibernate.jpa.internal.util.LogHelper  : HHH000204: Processing PersistenceUnitInfo [name: default]
2025-01-10T22:13:55.043+08:00  INFO 49946 --- [antiFraud] [           main] org.hibernate.Version                    : HHH000412: Hibernate ORM core version 6.6.4.Final
2025-01-10T22:13:55.055+08:00  INFO 49946 --- [antiFraud] [           main] o.h.c.internal.RegionFactoryInitiator    : HHH000026: Second-level cache disabled
2025-01-10T22:13:55.109+08:00  INFO 49946 --- [antiFraud] [           main] o.s.o.j.p.SpringPersistenceUnitInfo      : No LoadTimeWeaver setup: ignoring JPA class transformer
2025-01-10T22:13:55.119+08:00  INFO 49946 --- [antiFraud] [           main] com.zaxxer.hikari.HikariDataSource       : HikariPool-1 - Starting...
2025-01-10T22:13:55.349+08:00  INFO 49946 --- [antiFraud] [           main] com.zaxxer.hikari.pool.HikariPool        : HikariPool-1 - Added connection com.mysql.cj.jdbc.ConnectionImpl@71e89a26
2025-01-10T22:13:55.350+08:00  INFO 49946 --- [antiFraud] [           main] com.zaxxer.hikari.HikariDataSource       : HikariPool-1 - Start completed.
2025-01-10T22:13:55.387+08:00  WARN 49946 --- [antiFraud] [           main] org.hibernate.orm.deprecation            : HHH90000025: MySQL8Dialect does not need to be specified explicitly using 'hibernate.dialect' (remove the property setting and it will be selected by default)
2025-01-10T22:13:55.388+08:00  WARN 49946 --- [antiFraud] [           main] org.hibernate.orm.deprecation            : HHH90000026: MySQL8Dialect has been deprecated; use org.hibernate.dialect.MySQLDialect instead
2025-01-10T22:13:55.395+08:00  INFO 49946 --- [antiFraud] [           main] org.hibernate.orm.connections.pooling    : HHH10001005: Database info:
	Database JDBC URL [Connecting through datasource 'HikariDataSource (HikariPool-1)']
	Database driver: undefined/unknown
	Database version: 8.0
	Autocommit mode: undefined/unknown
	Isolation level: undefined/unknown
	Minimum pool size: undefined/unknown
	Maximum pool size: undefined/unknown
2025-01-10T22:13:55.701+08:00  INFO 49946 --- [antiFraud] [           main] o.h.e.t.j.p.i.JtaPlatformInitiator       : HHH000489: No JTA platform available (set 'hibernate.transaction.jta.platform' to enable JTA platform integration)
2025-01-10T22:13:55.765+08:00  INFO 49946 --- [antiFraud] [           main] j.LocalContainerEntityManagerFactoryBean : Initialized JPA EntityManagerFactory for persistence unit 'default'
2025-01-10T22:13:55.894+08:00  WARN 49946 --- [antiFraud] [           main] JpaBaseConfiguration$JpaWebConfiguration : spring.jpa.open-in-view is enabled by default. Therefore, database queries may be performed during view rendering. Explicitly configure spring.jpa.open-in-view to disable this warning
2025-01-10T22:13:55.948+08:00  INFO 49946 --- [antiFraud] [           main] c.h.antifraud.AntiFraudApplicationTests  : Started AntiFraudApplicationTests in 1.189 seconds (process running for 2.559)
]]></system-out>
  </testcase>
</testsuite>