<?xml version="1.0" encoding="UTF-8"?>
<testsuite xmlns:xsi="http://www.w3.org/2001/XMLSchema-instance" xsi:noNamespaceSchemaLocation="https://maven.apache.org/surefire/maven-surefire-plugin/xsd/surefire-test-report.xsd" version="3.0.2" name="com.hsbc.antifraud.controller.TransferControllerTest" time="1.149" tests="1" errors="0" skipped="0" failures="0">
  <properties>
[...]
</properties>
  <testcase name="testSubmitTransfer" classname="com.hsbc.antifraud.controller.TransferControllerTest" time="0.073">
    <system-out><![CDATA[22:13:53.663 [main] INFO org.springframework.test.context.support.AnnotationConfigContextLoaderUtils -- Could not detect default configuration classes for test class [com.hsbc.antifraud.controller.TransferControllerTest]: TransferControllerTest does not declare any static, non-private, non-final, nested classes annotated with @Configuration.
22:13:53.717 [main] INFO org.springframework.boot.test.context.SpringBootTestContextBootstrapper -- Found @SpringBootConfiguration com.hsbc.antifraud.AntiFraudApplication for test class com.hsbc.antifraud.controller.TransferControllerTest

  .   ____          _            __ _ _
 /\\ / ___'_ __ _ _(_)_ __  __ _ \ \ \ \
( ( )\___ | '_ | '_| | '_ \/ _` | \ \ \ \
 \\/  ___)| |_)| | | | | || (_| |  ) ) ) )
  '  |____| .__|_| |_|_| |_\__, | / / / /
 =========|_|==============|___/=/_/_/_/

 :: Spring Boot ::                (v3.4.1)

2025-01-10T22:13:54.290+08:00  INFO 49946 --- [antiFraud] [           main] c.h.a.controller.TransferControllerTest  : Starting TransferControllerTest using Java 17.0.13 with PID 49946 (started by lishuangquan in /Users/lishuangquan/Documents/tech/antiFraud)
2025-01-10T22:13:54.291+08:00  INFO 49946 --- [antiFraud] [           main] c.h.a.controller.TransferControllerTest  : No active profile set, falling back to 1 default profile: "default"
2025-01-10T22:13:54.662+08:00  INFO 49946 --- [antiFraud] [           main] o.s.b.t.m.w.SpringBootMockServletContext : Initializing Spring TestDispatcherServlet ''
2025-01-10T22:13:54.662+08:00  INFO 49946 --- [antiFraud] [           main] o.s.t.web.servlet.TestDispatcherServlet  : Initializing Servlet ''
2025-01-10T22:13:54.663+08:00  INFO 49946 --- [antiFraud] [           main] o.s.t.web.servlet.TestDispatcherServlet  : Completed initialization in 1 ms
2025-01-10T22:13:54.672+08:00  INFO 49946 --- [antiFraud] [           main] c.h.a.controller.TransferControllerTest  : Started TransferControllerTest in 0.517 seconds (process running for 1.282)
2025-01-10T22:13:54.724+08:00  INFO 49946 --- [antiFraud] [           main] c.h.a.controller.TransferController      : 123456 from to123456 balance 1000
]]></system-out>
  </testcase>
</testsuite>